Performing C SOURCE FILE Test CMAKE_HAVE_LIBC_PTHREAD failed with the following output:
Change Dir: /home/vamsik1211/Downloads/gazebo/src/gazebo-10.1.0/build/CMakeFiles/CMakeTmp

Run Build Command(s):/usr/bin/make cmTC_a6bd9/fast && /usr/bin/make -f CMakeFiles/cmTC_a6bd9.dir/build.make CMakeFiles/cmTC_a6bd9.dir/build
make[1]: Entering directory '/home/vamsik1211/Downloads/gazebo/src/gazebo-10.1.0/build/CMakeFiles/CMakeTmp'
Building C object CMakeFiles/cmTC_a6bd9.dir/src.c.o
/usr/bin/cc   -march=x86-64 -mtune=generic -O2 -pipe -fstack-protector-strong -fno-plt -DCMAKE_HAVE_LIBC_PTHREAD   -o CMakeFiles/cmTC_a6bd9.dir/src.c.o   -c /home/vamsik1211/Downloads/gazebo/src/gazebo-10.1.0/build/CMakeFiles/CMakeTmp/src.c
Linking C executable cmTC_a6bd9
/usr/bin/cmake -E cmake_link_script CMakeFiles/cmTC_a6bd9.dir/link.txt --verbose=1
/usr/bin/cc -march=x86-64 -mtune=generic -O2 -pipe -fstack-protector-strong -fno-plt -DCMAKE_HAVE_LIBC_PTHREAD  -Wl,-O1,--sort-common,--as-needed,-z,relro,-z,now  -rdynamic CMakeFiles/cmTC_a6bd9.dir/src.c.o  -o cmTC_a6bd9 
/usr/bin/ld: CMakeFiles/cmTC_a6bd9.dir/src.c.o: in function `main':
src.c:(.text.startup+0x24): undefined reference to `pthread_create'
/usr/bin/ld: src.c:(.text.startup+0x2e): undefined reference to `pthread_detach'
/usr/bin/ld: src.c:(.text.startup+0x3a): undefined reference to `pthread_join'
collect2: error: ld returned 1 exit status
make[1]: *** [CMakeFiles/cmTC_a6bd9.dir/build.make:87: cmTC_a6bd9] Error 1
make[1]: Leaving directory '/home/vamsik1211/Downloads/gazebo/src/gazebo-10.1.0/build/CMakeFiles/CMakeTmp'
make: *** [Makefile:121: cmTC_a6bd9/fast] Error 2


Source file was:
#include <pthread.h>

void* test_func(void* data)
{
  return data;
}

int main(void)
{
  pthread_t thread;
  pthread_create(&thread, NULL, test_func, NULL);
  pthread_detach(thread);
  pthread_join(thread, NULL);
  pthread_atfork(NULL, NULL, NULL);
  pthread_exit(NULL);

  return 0;
}

Determining if the function pthread_create exists in the pthreads failed with the following output:
Change Dir: /home/vamsik1211/Downloads/gazebo/src/gazebo-10.1.0/build/CMakeFiles/CMakeTmp

Run Build Command(s):/usr/bin/make cmTC_0b087/fast && /usr/bin/make -f CMakeFiles/cmTC_0b087.dir/build.make CMakeFiles/cmTC_0b087.dir/build
make[1]: Entering directory '/home/vamsik1211/Downloads/gazebo/src/gazebo-10.1.0/build/CMakeFiles/CMakeTmp'
Building C object CMakeFiles/cmTC_0b087.dir/CheckFunctionExists.c.o
/usr/bin/cc   -march=x86-64 -mtune=generic -O2 -pipe -fstack-protector-strong -fno-plt -DCHECK_FUNCTION_EXISTS=pthread_create   -o CMakeFiles/cmTC_0b087.dir/CheckFunctionExists.c.o   -c /usr/share/cmake-3.16/Modules/CheckFunctionExists.c
Linking C executable cmTC_0b087
/usr/bin/cmake -E cmake_link_script CMakeFiles/cmTC_0b087.dir/link.txt --verbose=1
/usr/bin/cc -march=x86-64 -mtune=generic -O2 -pipe -fstack-protector-strong -fno-plt -DCHECK_FUNCTION_EXISTS=pthread_create  -Wl,-O1,--sort-common,--as-needed,-z,relro,-z,now  -rdynamic CMakeFiles/cmTC_0b087.dir/CheckFunctionExists.c.o  -o cmTC_0b087  -lpthreads 
/usr/bin/ld: cannot find -lpthreads
collect2: error: ld returned 1 exit status
make[1]: *** [CMakeFiles/cmTC_0b087.dir/build.make:87: cmTC_0b087] Error 1
make[1]: Leaving directory '/home/vamsik1211/Downloads/gazebo/src/gazebo-10.1.0/build/CMakeFiles/CMakeTmp'
make: *** [Makefile:121: cmTC_0b087/fast] Error 2



